\BOOKMARK [0][-]{section*.2}{\376\377\000A\000b\000s\000t\000r\000a\000c\000t}{}% 1
\BOOKMARK [0][-]{section*.3}{\376\377\000A\000c\000k\000n\000o\000w\000l\000e\000d\000g\000e\000m\000e\000n\000t\000s}{}% 2
\BOOKMARK [0][-]{chapter*.4}{\376\377\000L\000i\000s\000t\000\040\000o\000f\000\040\000A\000b\000b\000r\000e\000v\000i\000a\000t\000i\000o\000n\000s}{}% 3
\BOOKMARK [0][-]{chapter*.6}{\376\377\000L\000i\000s\000t\000\040\000o\000f\000\040\000F\000i\000g\000u\000r\000e\000s}{}% 4
\BOOKMARK [0][-]{chapter*.7}{\376\377\000L\000i\000s\000t\000\040\000o\000f\000\040\000T\000a\000b\000l\000e\000s}{}% 5
\BOOKMARK [0][-]{chapter.8}{\376\377\000I\000n\000t\000r\000o\000d\000u\000c\000t\000i\000o\000n}{}% 6
\BOOKMARK [1][-]{section.9}{\376\377\000S\000o\000f\000t\000w\000a\000r\000e\000\040\000V\000e\000r\000i\000f\000i\000c\000a\000t\000i\000o\000n\000\040\000B\000a\000c\000k\000g\000r\000o\000u\000n\000d}{chapter.8}% 7
\BOOKMARK [2][-]{subsection.10}{\376\377\000S\000o\000f\000t\000w\000a\000r\000e\000\040\000V\000e\000r\000i\000f\000i\000c\000a\000t\000i\000o\000n\000\040\000S\000y\000s\000t\000e\000m\000s\000\040\000a\000s\000\040\000C\000o\000m\000p\000o\000s\000e\000d\000\040\000o\000f\000\040\000M\000o\000d\000u\000l\000a\000r\000\040\000C\000o\000m\000p\000o\000n\000e\000n\000t\000s}{section.9}% 8
\BOOKMARK [2][-]{subsection.11}{\376\377\000T\000h\000e\000\040\000W\000h\000y\0003\000\040\000s\000y\000s\000t\000e\000m}{section.9}% 9
\BOOKMARK [3][-]{section*.12}{\376\377\000F\000r\000o\000n\000t\000\040\000E\000n\000d\000:\000\040\000W\000h\000y\0003\000\040\000a\000s\000\040\000a\000n\000\040\000i\000n\000t\000e\000r\000m\000e\000d\000i\000a\000r\000y\000\040\000l\000a\000n\000g\000u\000a\000g\000e}{subsection.11}% 10
\BOOKMARK [3][-]{section*.13}{\376\377\000B\000a\000c\000k\000\040\000E\000n\000d\000:\000\040\000D\000r\000i\000v\000e\000r\000-\000b\000a\000s\000e\000d\000\040\000i\000n\000t\000e\000r\000f\000a\000c\000e\000\040\000t\000o\000\040\000A\000P\000T\000,\000\040\000I\000T\000P\000\040\000a\000n\000d\000\040\000S\000M\000T\000\040\000t\000o\000o\000l\000s}{subsection.11}% 11
\BOOKMARK [1][-]{section.14}{\376\377\000A\000n\000\040\000o\000v\000e\000r\000v\000i\000e\000w\000\040\000o\000f\000\040\000v\000a\000r\000i\000o\000u\000s\000\040\000S\000M\000T\000\040\000s\000o\000l\000v\000e\000r\000s\000\040\000a\000n\000d\000\040\000t\000h\000e\000i\000r\000\040\000c\000a\000p\000a\000b\000i\000l\000i\000t\000i\000e\000s}{chapter.8}% 12
\BOOKMARK [1][-]{section.15}{\376\377\000T\000h\000e\000\040\000p\000r\000o\000b\000l\000e\000m\000\040\000w\000e\000\040\000w\000a\000n\000t\000\040\000t\000o\000\040\000s\000o\000l\000v\000e\000:\000\040\000t\000h\000e\000\040\000e\000f\000f\000i\000c\000i\000e\000n\000t\000\040\000a\000l\000l\000o\000c\000a\000t\000i\000o\000n\000\040\000o\000f\000\040\000S\000M\000T\000-\000s\000o\000l\000v\000i\000n\000g\000\040\000r\000e\000s\000o\000u\000r\000c\000e\000s\000\040\000f\000o\000r\000\040\000s\000o\000f\000t\000w\000a\000r\000e\000\040\000v\000e\000r\000i\000f\000i\000c\000a\000t\000i\000o\000n\000\040\000t\000a\000s\000k\000s}{chapter.8}% 13
\BOOKMARK [0][-]{chapter.20}{\376\377\000L\000i\000t\000e\000r\000a\000t\000u\000r\000e\000\040\000R\000e\000v\000i\000e\000w}{}% 14
\BOOKMARK [1][-]{section.21}{\376\377\000P\000r\000o\000o\000f\000\040\000E\000n\000g\000i\000n\000e\000e\000r\000i\000n\000g}{chapter.20}% 15
\BOOKMARK [1][-]{section.22}{\376\377\000P\000o\000r\000t\000f\000o\000l\000i\000o\000-\000b\000a\000s\000e\000d\000\040\000a\000p\000p\000r\000o\000a\000c\000h\000e\000s\000\040\000t\000o\000\040\000s\000o\000f\000t\000w\000a\000r\000e\000\040\000v\000e\000r\000i\000f\000i\000c\000a\000t\000i\000o\000n}{chapter.20}% 16
\BOOKMARK [1][-]{section.23}{\376\377\000T\000h\000e\000\040\000u\000s\000e\000\040\000o\000f\000\040\000M\000a\000c\000h\000i\000n\000e\000\040\000L\000e\000a\000r\000n\000i\000n\000g\000\040\000i\000n\000\040\000f\000o\000r\000m\000a\000l\000\040\000m\000e\000t\000h\000o\000d\000s}{chapter.20}% 17
\BOOKMARK [2][-]{subsection.24}{\376\377\000M\000a\000c\000h\000i\000n\000e\000\040\000l\000e\000a\000r\000n\000i\000n\000g\000\040\000a\000p\000p\000l\000i\000e\000d\000\040\000t\000o\000\040\000i\000n\000t\000e\000r\000a\000c\000t\000i\000v\000e\000\040\000t\000h\000e\000o\000r\000e\000m\000\040\000p\000r\000o\000v\000i\000n\000g}{section.23}% 18
\BOOKMARK [2][-]{subsection.25}{\376\377\000M\000e\000t\000r\000i\000c\000s\000\040\000a\000n\000d\000\040\000S\000V\000M\000s\000\040\000a\000n\000d\000\040\000f\000o\000r\000\040\000m\000o\000d\000e\000l\000\040\000c\000h\000e\000c\000k\000i\000n\000g}{section.23}% 19
\BOOKMARK [1][-]{section.26}{\376\377\000D\000a\000t\000a\000\040\000a\000n\000a\000l\000y\000s\000i\000s\000,\000\040\000m\000e\000a\000s\000u\000r\000e\000m\000e\000n\000t\000,\000\040\000a\000n\000d\000\040\000e\000x\000p\000e\000r\000i\000m\000e\000n\000t\000a\000l\000\040\000p\000r\000o\000c\000e\000s\000s}{chapter.20}% 20
\BOOKMARK [1][-]{section.27}{\376\377\000M\000L\000-\000s\000p\000e\000c\000i\000f\000i\000c\000\040\000l\000i\000t\000e\000r\000a\000t\000u\000r\000e}{chapter.20}% 21
\BOOKMARK [0][-]{chapter.28}{\376\377\000E\000x\000p\000e\000r\000i\000m\000e\000n\000t\000a\000l\000\040\000M\000e\000t\000h\000o\000d\000o\000l\000o\000g\000y\000:\000\040\000D\000a\000t\000a\000\040\000C\000o\000l\000l\000e\000c\000t\000i\000o\000n}{}% 22
\BOOKMARK [1][-]{section.29}{\376\377\000S\000e\000l\000e\000c\000t\000i\000o\000n\000\040\000o\000f\000\040\000t\000o\000o\000l\000s\000\040\000a\000n\000d\000\040\000p\000r\000o\000g\000r\000a\000m\000s}{chapter.28}% 23
\BOOKMARK [2][-]{subsection.30}{\376\377\000S\000e\000l\000e\000c\000t\000i\000o\000n\000\040\000o\000f\000\040\000S\000M\000T\000\040\000s\000o\000l\000v\000e\000r\000s}{section.29}% 24
\BOOKMARK [2][-]{subsection.31}{\376\377\000S\000e\000l\000e\000c\000t\000i\000o\000n\000\040\000o\000f\000\040\000W\000h\000y\0003\000\040\000p\000r\000o\000g\000r\000a\000m\000s}{section.29}% 25
\BOOKMARK [3][-]{section*.32}{\376\377\000T\000h\000e\000\040\000l\000o\000g\000i\000c\000a\000l\000\040\000t\000h\000e\000o\000r\000i\000e\000s\000\040\000u\000s\000e\000d}{subsection.31}% 26
\BOOKMARK [1][-]{section.33}{\376\377\000M\000e\000a\000s\000u\000r\000e\000m\000e\000n\000t\000\040\000o\000f\000\040\000d\000y\000n\000a\000m\000i\000c\000\040\000p\000r\000o\000p\000e\000r\000t\000i\000e\000s}{chapter.28}% 27
\BOOKMARK [2][-]{subsection.34}{\376\377\000E\000x\000e\000c\000u\000t\000i\000o\000n\000\040\000t\000i\000m\000e}{section.33}% 28
\BOOKMARK [3][-]{section*.35}{\376\377\000C\000o\000n\000t\000a\000i\000n\000e\000r\000-\000b\000a\000s\000e\000d\000\040\000t\000i\000m\000i\000n\000g\000s\000\040\000u\000s\000i\000n\000g\000\040\000B\000e\000n\000c\000h\000E\000x\000e\000c}{subsection.34}% 29
\BOOKMARK [3][-]{section*.36}{\376\377\000A\000c\000c\000o\000u\000n\000t\000i\000n\000g\000\040\000f\000o\000r\000\040\000r\000a\000n\000d\000o\000m\000n\000e\000s\000s\000\040\000w\000i\000t\000h\000\040\000c\000o\000n\000f\000i\000d\000e\000n\000c\000e\000\040\000i\000n\000t\000e\000r\000v\000a\000l\000s}{subsection.34}% 30
\BOOKMARK [2][-]{subsection.37}{\376\377\000P\000r\000o\000v\000e\000r\000\040\000o\000u\000t\000p\000u\000t}{section.33}% 31
\BOOKMARK [1][-]{section.38}{\376\377\000S\000t\000a\000t\000i\000c\000\040\000m\000e\000t\000r\000i\000c\000s}{chapter.28}% 32
\BOOKMARK [2][-]{subsection.39}{\376\377\000U\000s\000i\000n\000g\000\040\000t\000h\000e\000\040\000W\000h\000y\0003\000\040\000n\000o\000t\000i\000o\000n\000\040\000o\000f\000\040\000"\000g\000o\000a\000l\000\040\000s\000h\000a\000p\000e\000"}{section.38}% 33
\BOOKMARK [2][-]{subsection.40}{\376\377\000E\000x\000t\000r\000a\000c\000t\000i\000n\000g\000\040\000s\000t\000a\000t\000i\000c\000\040\000m\000e\000t\000r\000i\000c\000s\000\040\000f\000r\000o\000m\000\040\000W\000h\000y\0003\000\040\000p\000r\000o\000o\000f\000\040\000o\000b\000l\000i\000g\000a\000t\000i\000o\000n\000\040\000f\000o\000r\000m\000u\000l\000\346}{section.38}% 34
\BOOKMARK [0][-]{chapter.41}{\376\377\000E\000x\000p\000e\000r\000i\000m\000e\000n\000t\000a\000l\000\040\000M\000e\000t\000h\000o\000d\000o\000l\000o\000g\000y\000:\000\040\000P\000r\000e\000d\000i\000c\000t\000i\000o\000n\000\040\000a\000n\000d\000\040\000S\000y\000s\000t\000e\000m\000\040\000I\000n\000t\000e\000g\000r\000a\000t\000i\000o\000n}{}% 35
\BOOKMARK [1][-]{section.42}{\376\377\000T\000h\000e\000\040\000S\000c\000o\000r\000i\000n\000g\000\040\000F\000u\000n\000c\000t\000i\000o\000n}{chapter.41}% 36
\BOOKMARK [2][-]{subsection.43}{\376\377\000F\000a\000v\000o\000u\000r\000i\000n\000g\000\040\000T\000i\000m\000e\000o\000u\000t\000\040\000o\000v\000e\000r\000\040\000U\000n\000k\000n\000o\000w\000n}{section.42}% 37
\BOOKMARK [2][-]{subsection.44}{\376\377\000F\000a\000v\000o\000u\000r\000i\000n\000g\000\040\000U\000n\000k\000n\000o\000w\000n\000\040\000o\000v\000e\000r\000\040\000T\000i\000m\000e\000o\000u\000t}{section.42}% 38
\BOOKMARK [2][-]{subsection.45}{\376\377\000F\000a\000v\000o\000u\000r\000i\000n\000g\000\040\000s\000h\000o\000r\000t\000e\000s\000t\000\040\000t\000i\000m\000e\000\040\000r\000a\000t\000h\000e\000r\000\040\000o\000v\000e\000r\000\040\000p\000r\000o\000v\000e\000r\000\040\000r\000e\000s\000u\000l\000t}{section.42}% 39
\BOOKMARK [1][-]{section.46}{\376\377\000P\000r\000e\000d\000i\000c\000t\000i\000n\000g\000\040\000p\000e\000r\000f\000o\000r\000m\000a\000n\000c\000e}{chapter.41}% 40
\BOOKMARK [2][-]{subsection.47}{\376\377\000S\000t\000a\000t\000i\000s\000t\000i\000c\000a\000l\000\040\000M\000e\000t\000h\000o\000d\000s\000\040\000v\000e\000r\000s\000u\000s\000\040\000M\000a\000c\000h\000i\000n\000e\000\040\000L\000e\000a\000r\000n\000i\000n\000g}{section.46}% 41
\BOOKMARK [2][-]{subsection.48}{\376\377\000R\000e\000g\000r\000e\000s\000s\000i\000o\000n\000\040\000a\000n\000d\000\040\000C\000l\000a\000s\000s\000i\000f\000i\000c\000a\000t\000i\000o\000n}{section.46}% 42
\BOOKMARK [3][-]{section*.49}{\376\377\000C\000h\000o\000o\000s\000i\000n\000g\000\040\000t\000h\000e\000\040\000m\000o\000s\000t\000\040\000e\000f\000f\000e\000c\000t\000i\000v\000e\000\040\000a\000l\000g\000o\000r\000i\000t\000h\000m}{subsection.48}% 43
\BOOKMARK [1][-]{section.50}{\376\377\000S\000y\000s\000t\000e\000m\000\040\000i\000n\000t\000e\000g\000r\000a\000t\000i\000o\000n}{chapter.41}% 44
\BOOKMARK [2][-]{subsection.51}{\376\377\000A\000r\000c\000h\000i\000t\000e\000c\000t\000u\000r\000e\000\040\000o\000f\000\040\000a\000\040\000W\000h\000y\0003\000\040\000p\000l\000u\000g\000i\000n}{section.50}% 45
\BOOKMARK [0][-]{chapter.52}{\376\377\000E\000x\000p\000e\000r\000i\000m\000e\000n\000t\000a\000l\000\040\000R\000e\000s\000u\000l\000t\000s\000\040\000a\000n\000d\000\040\000E\000v\000a\000l\000u\000a\000t\000i\000o\000n}{}% 46
\BOOKMARK [1][-]{section.53}{\376\377\000I\000n\000t\000r\000o\000d\000u\000c\000t\000i\000o\000n\000\040\000t\000o\000\040\000t\000h\000e\000\040\000e\000v\000a\000l\000u\000a\000t\000i\000o\000n\000\040\000m\000e\000t\000r\000i\000c\000s}{chapter.52}% 47
\BOOKMARK [2][-]{subsection.54}{\376\377\000N\000o\000r\000m\000a\000l\000i\000s\000e\000d\000\040\000D\000i\000s\000t\000r\000i\000b\000u\000t\000e\000d\000\040\000C\000u\000m\000u\000l\000a\000t\000i\000v\000e\000\040\000G\000a\000i\000n}{section.53}% 48
\BOOKMARK [2][-]{subsection.55}{\376\377\000M\000e\000a\000n\000\040\000A\000v\000e\000r\000a\000g\000e\000\040\000E\000r\000r\000o\000r}{section.53}% 49
\BOOKMARK [1][-]{section.56}{\376\377\000P\000r\000e\000d\000i\000c\000t\000i\000n\000g\000\040\000p\000r\000o\000v\000e\000r\000\040\000r\000e\000s\000u\000l\000t}{chapter.52}% 50
\BOOKMARK [1][-]{section.57}{\376\377\000P\000r\000e\000d\000i\000c\000t\000i\000n\000g\000\040\000e\000x\000e\000c\000u\000t\000i\000o\000n\000\040\000t\000i\000m\000e}{chapter.52}% 51
\BOOKMARK [1][-]{section.58}{\376\377\000P\000r\000e\000d\000i\000c\000t\000i\000n\000g\000\040\000s\000c\000o\000r\000e\000\040\000d\000i\000r\000e\000c\000t\000l\000y}{chapter.52}% 52
\BOOKMARK [2][-]{subsection.59}{\376\377\000P\000r\000e\000d\000i\000c\000t\000\040\000e\000a\000c\000h\000\040\000s\000c\000o\000r\000e\000\040\000f\000u\000n\000c\000t\000i\000o\000n\000\040\000i\000n\000d\000i\000v\000i\000d\000u\000a\000l\000l\000y\040\046}{section.58}% 53
\BOOKMARK [1][-]{section.60}{\376\377\000T\000i\000m\000i\000n\000g\000\040\000t\000h\000e\000\040\000i\000n\000t\000e\000g\000r\000a\000t\000e\000d\000\040\000s\000y\000s\000t\000e\000m}{chapter.52}% 54
\BOOKMARK [0][-]{chapter.61}{\376\377\000D\000i\000s\000c\000u\000s\000s\000i\000o\000n}{}% 55
\BOOKMARK [0][-]{chapter.62}{\376\377\000T\000h\000r\000e\000a\000t\000s\000\040\000t\000o\000\040\000V\000a\000l\000i\000d\000i\000t\000y}{}% 56
\BOOKMARK [1][-]{section.63}{\376\377\000C\000o\000n\000s\000t\000r\000u\000c\000t}{chapter.62}% 57
\BOOKMARK [1][-]{section.64}{\376\377\000I\000n\000t\000e\000r\000n\000a\000l}{chapter.62}% 58
\BOOKMARK [1][-]{section.65}{\376\377\000E\000x\000t\000e\000r\000n\000a\000l}{chapter.62}% 59
\BOOKMARK [1][-]{section.66}{\376\377\000C\000o\000n\000c\000l\000u\000s\000i\000o\000n}{chapter.62}% 60
\BOOKMARK [0][-]{chapter.67}{\376\377\000C\000o\000n\000c\000l\000u\000s\000i\000o\000n\000s}{}% 61
\BOOKMARK [0][-]{appendix.68}{\376\377\000P\000y\000t\000h\000o\000n\000\040\000c\000o\000d\000e\000\040\000f\000o\000r\000\040\000d\000a\000t\000a\000\040\000a\000n\000a\000l\000y\000s\000i\000s\000,\000\040\000s\000t\000a\000t\000i\000s\000t\000i\000c\000s\000\040\000a\000n\000d\000\040\000l\000e\000a\000r\000n\000i\000n\000g}{}% 62
\BOOKMARK [0][-]{appendix.69}{\376\377\000O\000c\000a\000m\000l\000\040\000c\000o\000d\000e\000\040\000f\000o\000r\000\040\000i\000n\000t\000e\000r\000a\000c\000t\000i\000n\000g\000\040\000w\000i\000t\000h\000\040\000W\000h\000y\0003}{}% 63
\BOOKMARK [0][-]{appendix.70}{\376\377\000P\000a\000t\000t\000e\000r\000n\000\040\000i\000d\000e\000n\000t\000i\000f\000i\000c\000a\000t\000i\000o\000n\000\040\000o\000f\000\040\000v\000e\000r\000i\000f\000i\000c\000a\000t\000i\000o\000n\000\040\000p\000r\000o\000g\000r\000a\000m\000s\000\040\000u\000s\000i\000n\000g\000\040\000c\000l\000u\000s\000t\000e\000r\000i\000n\000g}{}% 64
\BOOKMARK [0][-]{appendix*.71}{\376\377\000B\000i\000b\000l\000i\000o\000g\000r\000a\000p\000h\000y}{}% 65
